{"environment":"development","level":"info","message":"Server started successfully","port":"3000","timestamp":"2026-02-13 23:11:24"}
{"environment":"development","level":"info","message":"Server started successfully","port":"3000","timestamp":"2026-02-13 23:23:22"}
{"level":"info","message":"\u001b[0mGET /health \u001b[32m200\u001b[0m 5.808 ms - 77\u001b[0m","timestamp":"2026-02-13 23:23:57"}
{"level":"info","message":"\u001b[0mGET /metrics \u001b[32m200\u001b[0m 0.375 ms - 285\u001b[0m","timestamp":"2026-02-13 23:23:57"}
{"environment":"development","level":"info","message":"Server started successfully","port":"3000","timestamp":"2026-02-15 00:17:41"}
{"environment":"development","level":"info","message":"Server started successfully","port":"3000","timestamp":"2026-02-15 00:22:39"}
{"environment":"development","level":"info","message":"Server started successfully","port":"3000","timestamp":"2026-02-15 00:23:38"}
{"environment":"development","level":"info","message":"Server started successfully","port":"3000","timestamp":"2026-02-15 00:26:53"}
{"environment":"development","level":"info","message":"Server started successfully","port":"3000","timestamp":"2026-02-15 00:27:49"}
{"environment":"development","level":"info","message":"Server started successfully","port":"3000","timestamp":"2026-02-15 00:27:51"}
{"environment":"development","level":"info","message":"Server started successfully","port":"3000","timestamp":"2026-02-16 21:26:50"}
{"environment":"development","level":"info","message":"Server started successfully","port":"3000","timestamp":"2026-02-16 21:38:53"}
{"environment":"development","level":"info","message":"Server started successfully","port":"3000","timestamp":"2026-02-16 21:49:29"}
{"environment":"development","level":"info","message":"Server started successfully","port":"3000","timestamp":"2026-02-16 22:03:08"}
{"level":"info","message":"\u001b[0mGET /api-docs \u001b[36m301\u001b[0m 17.952 ms - 158\u001b[0m","timestamp":"2026-02-16 22:03:16"}
{"level":"info","message":"\u001b[0mGET /api-docs/ \u001b[32m200\u001b[0m 3.943 ms - 3122\u001b[0m","timestamp":"2026-02-16 22:03:16"}
{"level":"info","message":"\u001b[0mGET /api-docs/swagger-ui-init.js \u001b[32m200\u001b[0m 0.573 ms - 9492\u001b[0m","timestamp":"2026-02-16 22:03:16"}
{"level":"info","message":"\u001b[0mGET /api-docs/swagger-ui.css \u001b[32m200\u001b[0m 11.351 ms - 177183\u001b[0m","timestamp":"2026-02-16 22:03:16"}
{"level":"info","message":"\u001b[0mGET /api-docs/swagger-ui-standalone-preset.js \u001b[32m200\u001b[0m 10.950 ms - 252451\u001b[0m","timestamp":"2026-02-16 22:03:16"}
{"level":"info","message":"\u001b[0mGET /api-docs/swagger-ui-bundle.js \u001b[32m200\u001b[0m 11.162 ms - 1510271\u001b[0m","timestamp":"2026-02-16 22:03:16"}
{"level":"info","message":"\u001b[0mGET /api-docs/favicon-32x32.png \u001b[32m200\u001b[0m 2.636 ms - 628\u001b[0m","timestamp":"2026-02-16 22:03:17"}
{"level":"info","message":"\u001b[0mPOST /api/auth/login \u001b[31m500\u001b[0m 27.374 ms - 1016\u001b[0m","timestamp":"2026-02-16 22:15:57"}
{"environment":"development","level":"info","message":"Server started successfully","port":"3000","timestamp":"2026-02-16 22:16:10"}
{"level":"info","message":"\u001b[0mPOST /api/auth/login \u001b[32m200\u001b[0m 555.058 ms - 385\u001b[0m","timestamp":"2026-02-16 22:18:33"}
{"level":"info","message":"\u001b[0mPOST /api/auth/login \u001b[32m200\u001b[0m 477.971 ms - 385\u001b[0m","timestamp":"2026-02-16 22:23:23"}
{"level":"info","message":"\u001b[0mGET /api-docs/ \u001b[36m304\u001b[0m 4.346 ms - -\u001b[0m","timestamp":"2026-02-16 23:10:47"}
{"level":"info","message":"\u001b[0mGET /api-docs/swagger-ui-standalone-preset.js \u001b[36m304\u001b[0m 2.771 ms - -\u001b[0m","timestamp":"2026-02-16 23:10:47"}
{"level":"info","message":"\u001b[0mGET /api-docs/swagger-ui-init.js \u001b[36m304\u001b[0m 0.630 ms - -\u001b[0m","timestamp":"2026-02-16 23:10:47"}
{"level":"info","message":"\u001b[0mGET /api-docs/swagger-ui-bundle.js \u001b[36m304\u001b[0m 2.004 ms - -\u001b[0m","timestamp":"2026-02-16 23:10:47"}
{"level":"info","message":"\u001b[0mGET /api-docs/swagger-ui.css \u001b[36m304\u001b[0m 2.186 ms - -\u001b[0m","timestamp":"2026-02-16 23:10:47"}
{"environment":"development","level":"info","message":"Server started successfully","port":"3000","timestamp":"2026-02-16 23:11:47"}
{"environment":"development","level":"info","message":"Server started successfully","port":"3000","timestamp":"2026-02-16 23:12:51"}
{"level":"info","message":"\u001b[0mPOST /api/auth/login \u001b[32m200\u001b[0m 532.833 ms - 386\u001b[0m","timestamp":"2026-02-16 23:15:07"}
{"environment":"development","level":"info","message":"Server started successfully","port":"3000","timestamp":"2026-02-16 23:17:17"}
{"level":"info","message":"\u001b[0mPOST /api/auth/login \u001b[0m-\u001b[0m - ms - -\u001b[0m","timestamp":"2026-02-16 23:17:17"}
{"level":"info","message":"\u001b[0mPOST /api/auth/login \u001b[32m200\u001b[0m 492.272 ms - 386\u001b[0m","timestamp":"2026-02-16 23:17:28"}
{"environment":"development","level":"info","message":"Server started successfully","port":"3000","timestamp":"2026-02-16 23:17:48"}
{"environment":"development","level":"info","message":"Server started successfully","port":"3000","timestamp":"2026-02-17 10:54:11"}
{"level":"info","message":"\u001b[0mPOST /api/auth/login \u001b[32m200\u001b[0m 442.305 ms - 385\u001b[0m","timestamp":"2026-02-17 10:55:31"}
